[2024-12-21 13:08:05 INFO restartedMain] [com.green.greengram.GreenGramVer3Application] Starting GreenGramVer3Application using Java 17.0.12 with PID 10292 (D:\khj\GreenGramVer3\build\classes\java\main started by Administrator in D:\khj\GreenGramVer3)
[2024-12-21 13:08:05 INFO restartedMain] [com.green.greengram.GreenGramVer3Application] No active profile set, falling back to 1 default profile: "default"
[2024-12-21 13:08:05 INFO restartedMain] [org.springframework.boot.devtools.env.DevToolsPropertyDefaultsPostProcessor] Devtools property defaults active! Set 'spring.devtools.add-properties' to 'false' to disable
[2024-12-21 13:08:05 INFO restartedMain] [org.springframework.boot.devtools.env.DevToolsPropertyDefaultsPostProcessor] For additional web related logging consider setting the 'logging.level.web' property to 'DEBUG'
[2024-12-21 13:08:06 INFO restartedMain] [org.springframework.boot.web.embedded.tomcat.TomcatWebServer] Tomcat initialized with port 8080 (http)
[2024-12-21 13:08:06 INFO restartedMain] [org.apache.coyote.http11.Http11NioProtocol] Initializing ProtocolHandler ["http-nio-8080"]
[2024-12-21 13:08:06 INFO restartedMain] [org.apache.catalina.core.StandardService] Starting service [Tomcat]
[2024-12-21 13:08:06 INFO restartedMain] [org.apache.catalina.core.StandardEngine] Starting Servlet engine: [Apache Tomcat/10.1.33]
[2024-12-21 13:08:06 INFO restartedMain] [org.apache.catalina.core.ContainerBase.[Tomcat].[localhost].[/]] Initializing Spring embedded WebApplicationContext
[2024-12-21 13:08:06 INFO restartedMain] [org.springframework.boot.web.servlet.context.ServletWebServerApplicationContext] Root WebApplicationContext: initialization completed in 1065 ms
[2024-12-21 13:08:06 INFO restartedMain] [com.green.greengram.common.MyFileUtils] MyFileUtils - 생성자: D:\khj\2024-02\download\greengram_ver3
[2024-12-21 13:08:07 INFO restartedMain] [org.springframework.boot.autoconfigure.web.servlet.WelcomePageHandlerMapping] Adding welcome page: class path resource [static/index.html]
[2024-12-21 13:08:07 INFO restartedMain] [org.springframework.boot.devtools.autoconfigure.OptionalLiveReloadServer] LiveReload server is running on port 35729
[2024-12-21 13:08:07 INFO restartedMain] [org.apache.coyote.http11.Http11NioProtocol] Starting ProtocolHandler ["http-nio-8080"]
[2024-12-21 13:08:07 INFO restartedMain] [org.springframework.boot.web.embedded.tomcat.TomcatWebServer] Tomcat started on port 8080 (http) with context path '/'
[2024-12-21 13:08:07 INFO restartedMain] [com.green.greengram.GreenGramVer3Application] Started GreenGramVer3Application in 2.183 seconds (process running for 2.625)
[2024-12-21 13:08:11 INFO http-nio-8080-exec-1] [org.apache.catalina.core.ContainerBase.[Tomcat].[localhost].[/]] Initializing Spring DispatcherServlet 'dispatcherServlet'
[2024-12-21 13:08:11 INFO http-nio-8080-exec-1] [org.springframework.web.servlet.DispatcherServlet] Initializing Servlet 'dispatcherServlet'
[2024-12-21 13:08:11 INFO http-nio-8080-exec-1] [org.springframework.web.servlet.DispatcherServlet] Completed initialization in 1 ms
[2024-12-21 13:08:13 INFO http-nio-8080-exec-8] [com.green.greengram.feed.FeedController] FeedController > getFeedList > p: FeedGetReq(super=Paging(page=1, size=20, startIdx=0), signedUserId=10, profileUserId=null)
[2024-12-21 13:08:13 INFO http-nio-8080-exec-8] [com.zaxxer.hikari.HikariDataSource] HikariPool-1 - Starting...
[2024-12-21 13:08:13 INFO http-nio-8080-exec-8] [com.zaxxer.hikari.pool.HikariPool] HikariPool-1 - Added connection net.sf.log4jdbc.sql.jdbcapi.ConnectionSpy@41072053
[2024-12-21 13:08:13 INFO http-nio-8080-exec-8] [com.zaxxer.hikari.HikariDataSource] HikariPool-1 - Start completed.
[2024-12-21 13:08:13 DEBUGhttp-nio-8080-exec-8] [jdbc.sqltiming]  com.zaxxer.hikari.pool.ProxyPreparedStatement.execute(ProxyPreparedStatement.java:44)
1. SELECT A.feed_id AS feedId, A.contents, A.location
        , A.created_at AS createdAt
        , B.user_id AS writerUserId
        , IF(B.nick_name IS NULL, B.uid, B.nick_name) AS writerNm
        , B.pic AS writerPic
        , IF(C.feed_id IS NULL, 0, 1) AS isLike
        FROM feed A
        INNER JOIN user B
        ON A.writer_user_id = B.user_id
        LEFT JOIN feed_like C
        ON A.feed_id = C.feed_id
        AND C.user_id = 10

        ORDER BY A.feed_id DESC
        LIMIT 0, 20
 {executed in 1 msec}
[2024-12-21 13:08:14 INFO http-nio-8080-exec-8] [jdbc.resultsettable] 
|--------|---------|---------|--------------------|--------|---------|-----------------------------------------|-------|
|feed_id |contents |location |created_at          |user_id |writernm |pic                                      |islike |
|--------|---------|---------|--------------------|--------|---------|-----------------------------------------|-------|
|66      |내용 아무거나  |위치 아무곳   |2024-12-20 12:11:16 |2       |bbong2   |4b9404e6-d275-4522-bf16-c3f6ac1ff9b1.jpg |0      |
|65      |1234     |1234     |2024-12-20 11:13:56 |10      |1234     |ab8a8624-4369-49d8-8ec4-500976119c85.jpg |0      |
|64      |asdffs   |asdf     |2024-12-20 10:16:10 |10      |1234     |ab8a8624-4369-49d8-8ec4-500976119c85.jpg |0      |
|63      |asdf     |asdef    |2024-12-20 10:16:03 |10      |1234     |ab8a8624-4369-49d8-8ec4-500976119c85.jpg |0      |
|59      |         |         |2024-12-09 16:43:44 |11      |a        |369b3a55-016d-4912-b0a6-28fab7f2fe8b.gif |0      |
|58      |         |         |2024-12-09 16:43:36 |11      |a        |369b3a55-016d-4912-b0a6-28fab7f2fe8b.gif |0      |
|57      |         |         |2024-12-09 16:43:28 |11      |a        |369b3a55-016d-4912-b0a6-28fab7f2fe8b.gif |0      |
|56      |         |         |2024-12-09 16:43:16 |11      |a        |369b3a55-016d-4912-b0a6-28fab7f2fe8b.gif |0      |
|55      |         |         |2024-12-09 16:42:57 |11      |a        |369b3a55-016d-4912-b0a6-28fab7f2fe8b.gif |0      |
|54      |         |         |2024-12-09 16:42:30 |11      |a        |369b3a55-016d-4912-b0a6-28fab7f2fe8b.gif |0      |
|52      |         |         |2024-12-09 16:42:00 |11      |a        |369b3a55-016d-4912-b0a6-28fab7f2fe8b.gif |0      |
|51      |         |         |2024-12-09 16:41:33 |11      |a        |369b3a55-016d-4912-b0a6-28fab7f2fe8b.gif |0      |
|50      |         |         |2024-12-09 16:41:12 |11      |a        |369b3a55-016d-4912-b0a6-28fab7f2fe8b.gif |0      |
|49      |1234     |green    |2024-12-09 12:47:16 |9       |Hey      |c0b99a0b-4f2a-4e5c-95b1-cf5a21dfa3fe.jpg |0      |
|48      |2        |1        |2024-12-06 13:01:02 |8       |해피해피     |a3a2114a-bae7-4fc0-bed4-993f084d8691.jpg |0      |
|47      |2        |green    |2024-12-06 12:57:16 |8       |해피해피     |a3a2114a-bae7-4fc0-bed4-993f084d8691.jpg |0      |
|46      |1        |green    |2024-12-06 12:56:52 |8       |해피해피     |a3a2114a-bae7-4fc0-bed4-993f084d8691.jpg |0      |
|41      |zxc      |xzc      |2024-12-04 11:34:18 |8       |해피해피     |a3a2114a-bae7-4fc0-bed4-993f084d8691.jpg |0      |
|40      |asd      |asd      |2024-12-04 11:33:20 |7       |많이먹는 장재웅 |8459560d-8987-4c9d-bf51-597d18ff8e58.jpg |0      |
|39      | 하하하     |green7   |2024-12-02 16:21:10 |4       |bbong4   |96f8e19b-7448-42d6-b95d-18a06af6d37a.jpg |0      |
|--------|---------|---------|--------------------|--------|---------|-----------------------------------------|-------|

[2024-12-21 13:08:14 INFO http-nio-8080-exec-8] [com.green.greengram.feed.FeedService] feedIds: [66, 65, 64, 63, 59, 58, 57, 56, 55, 54, 52, 51, 50, 49, 48, 47, 46, 41, 40, 39]
[2024-12-21 13:08:14 DEBUGhttp-nio-8080-exec-8] [jdbc.sqltiming]  com.zaxxer.hikari.pool.ProxyPreparedStatement.execute(ProxyPreparedStatement.java:44)
1. SELECT feed_id AS feedId
             , pic
        FROM feed_pic
        WHERE feed_id in
         (  
            66
         , 
            65
         , 
            64
         , 
            63
         , 
            59
         , 
            58
         , 
            57
         , 
            56
         , 
            55
         , 
            54
         , 
            52
         , 
            51
         , 
            50
         , 
            49
         , 
            48
         , 
            47
         , 
            46
         , 
            41
         , 
            40
         , 
            39
         ) 
        ORDER BY feed_id DESC
 {executed in 0 msec}
[2024-12-21 13:08:14 INFO http-nio-8080-exec-8] [jdbc.resultsettable] 
|--------|------------------------------------------|
|feed_id |pic                                       |
|--------|------------------------------------------|
|66      |db4b3677-7209-4fd0-90ba-f641fb59c8f3.jpg  |
|66      |6fb47e1c-6715-4d7b-a3fe-0d12964faf9a.jpg  |
|65      |a1d84d78-1112-4975-bb90-64b2f77a08aa.jpg  |
|64      |11f57dda-ac7f-40ae-aa27-dd706d351976.jpg  |
|63      |1bb4eec5-7b0c-44ec-b2c6-4277d8f6c78b.jpg  |
|59      |fef6b715-d59a-4bb1-b0ef-6fd9444bc50a.webp |
|59      |fb42289f-1d92-40ee-854a-098d54ca6db6.webp |
|59      |359255dc-57b4-4445-8ad2-00c4271ab5bd.jpg  |
|58      |5132ba97-95cb-4e63-8d3a-70ed1a8c5dac.jpg  |
|58      |63f3304e-a300-4410-9589-05a07bde8511.jpg  |
|57      |97e7471c-e9e9-43c1-9c42-ecb73a0b1452.jpg  |
|57      |62495137-3d52-4fd2-acd8-e73dc7d792ff.jpg  |
|57      |5d669458-ab62-443c-853c-2e0252eb56df.jpg  |
|57      |4957e551-0be3-4e8f-a40f-d5e1a0d315af.jpg  |
|56      |93fc8cf0-ab70-4731-a6f8-6bd1e622002f.jpg  |
|56      |774f1966-8731-49ab-a2ea-ec1f309628b5.jpg  |
|56      |56aa8e67-5ddb-4919-b8e1-af4ed16f9874.jpg  |
|56      |14dbb25c-706c-4424-9978-bb1c40e75863.jpg  |
|55      |096e96b2-270d-41be-a587-bab68606001a.gif  |
|54      |a0218daa-88ce-4ff5-b369-c91d6220a8eb.gif  |
|52      |33351e05-41aa-4bb9-80a0-aa2eeae7a6b3.gif  |
|52      |540bbd73-3a1b-43cf-bb6e-57b0c3258f7a.jpeg |
|52      |9fcd5bc8-254f-4f43-bc42-ecab47de1c40.jpeg |
|52      |bdd158a2-4d54-45de-be64-164257018ec0.jpeg |
|51      |ea1ed9ff-e438-4db4-be7b-2d31347d932c.gif  |
|51      |8b2f2cab-59c5-403a-acbf-83277953d616.gif  |
|51      |58e1b060-de79-4a03-b19c-b37313a75026.gif  |
|50      |16239176-3f30-431e-81ac-08035afcf1e9.gif  |
|50      |6764fa75-108c-4e03-8a6f-d91cf6ceed66.gif  |
|49      |5f5649dc-32fc-48d5-843e-005359ae2919.jpg  |
|48      |be77dafa-022e-46cd-bc92-ac5ee989617e.jpg  |
|47      |8152b5e5-5c8e-48a0-9fde-97f27438b639.jpg  |
|46      |6cb17d63-241a-4c1d-a92e-4080c57c8b30.jpg  |
|41      |746ca268-4f7e-40c3-b1fe-0c20bfadaa07.jpg  |
|40      |590ba09d-9337-4093-971a-b693a77d589f.jpg  |
|39      |b81bf7fa-4326-4b3e-8b27-3878901178c4.jpg  |
|--------|------------------------------------------|

[2024-12-21 13:08:14 INFO http-nio-8080-exec-8] [com.green.greengram.feed.FeedService] feedPicList: [FeedPicSel(feedId=66, pic=db4b3677-7209-4fd0-90ba-f641fb59c8f3.jpg), FeedPicSel(feedId=66, pic=6fb47e1c-6715-4d7b-a3fe-0d12964faf9a.jpg), FeedPicSel(feedId=65, pic=a1d84d78-1112-4975-bb90-64b2f77a08aa.jpg), FeedPicSel(feedId=64, pic=11f57dda-ac7f-40ae-aa27-dd706d351976.jpg), FeedPicSel(feedId=63, pic=1bb4eec5-7b0c-44ec-b2c6-4277d8f6c78b.jpg), FeedPicSel(feedId=59, pic=fef6b715-d59a-4bb1-b0ef-6fd9444bc50a.webp), FeedPicSel(feedId=59, pic=fb42289f-1d92-40ee-854a-098d54ca6db6.webp), FeedPicSel(feedId=59, pic=359255dc-57b4-4445-8ad2-00c4271ab5bd.jpg), FeedPicSel(feedId=58, pic=5132ba97-95cb-4e63-8d3a-70ed1a8c5dac.jpg), FeedPicSel(feedId=58, pic=63f3304e-a300-4410-9589-05a07bde8511.jpg), FeedPicSel(feedId=57, pic=97e7471c-e9e9-43c1-9c42-ecb73a0b1452.jpg), FeedPicSel(feedId=57, pic=62495137-3d52-4fd2-acd8-e73dc7d792ff.jpg), FeedPicSel(feedId=57, pic=5d669458-ab62-443c-853c-2e0252eb56df.jpg), FeedPicSel(feedId=57, pic=4957e551-0be3-4e8f-a40f-d5e1a0d315af.jpg), FeedPicSel(feedId=56, pic=93fc8cf0-ab70-4731-a6f8-6bd1e622002f.jpg), FeedPicSel(feedId=56, pic=774f1966-8731-49ab-a2ea-ec1f309628b5.jpg), FeedPicSel(feedId=56, pic=56aa8e67-5ddb-4919-b8e1-af4ed16f9874.jpg), FeedPicSel(feedId=56, pic=14dbb25c-706c-4424-9978-bb1c40e75863.jpg), FeedPicSel(feedId=55, pic=096e96b2-270d-41be-a587-bab68606001a.gif), FeedPicSel(feedId=54, pic=a0218daa-88ce-4ff5-b369-c91d6220a8eb.gif), FeedPicSel(feedId=52, pic=33351e05-41aa-4bb9-80a0-aa2eeae7a6b3.gif), FeedPicSel(feedId=52, pic=540bbd73-3a1b-43cf-bb6e-57b0c3258f7a.jpeg), FeedPicSel(feedId=52, pic=9fcd5bc8-254f-4f43-bc42-ecab47de1c40.jpeg), FeedPicSel(feedId=52, pic=bdd158a2-4d54-45de-be64-164257018ec0.jpeg), FeedPicSel(feedId=51, pic=ea1ed9ff-e438-4db4-be7b-2d31347d932c.gif), FeedPicSel(feedId=51, pic=8b2f2cab-59c5-403a-acbf-83277953d616.gif), FeedPicSel(feedId=51, pic=58e1b060-de79-4a03-b19c-b37313a75026.gif), FeedPicSel(feedId=50, pic=16239176-3f30-431e-81ac-08035afcf1e9.gif), FeedPicSel(feedId=50, pic=6764fa75-108c-4e03-8a6f-d91cf6ceed66.gif), FeedPicSel(feedId=49, pic=5f5649dc-32fc-48d5-843e-005359ae2919.jpg), FeedPicSel(feedId=48, pic=be77dafa-022e-46cd-bc92-ac5ee989617e.jpg), FeedPicSel(feedId=47, pic=8152b5e5-5c8e-48a0-9fde-97f27438b639.jpg), FeedPicSel(feedId=46, pic=6cb17d63-241a-4c1d-a92e-4080c57c8b30.jpg), FeedPicSel(feedId=41, pic=746ca268-4f7e-40c3-b1fe-0c20bfadaa07.jpg), FeedPicSel(feedId=40, pic=590ba09d-9337-4093-971a-b693a77d589f.jpg), FeedPicSel(feedId=39, pic=b81bf7fa-4326-4b3e-8b27-3878901178c4.jpg)]
[2024-12-21 13:08:14 DEBUGhttp-nio-8080-exec-8] [jdbc.sqltiming]  com.zaxxer.hikari.pool.ProxyPreparedStatement.execute(ProxyPreparedStatement.java:44)
1. SELECT T.feedId, T.feedCommentId, T.comment
        FROM (
        SELECT ROW_NUMBER() OVER (PARTITION BY A.feed_id ORDER BY A.feed_id, A.feed_comment_id DESC) AS num
        , A.feed_id AS feedId
        , A.feed_comment_id AS feedCommentId
        , A.comment
        , B.user_id AS writerUserId
        , IF(B.nick_name IS NULL, B.uid, B.nick_name) AS writerNm
        , B.pic AS writerPic
        FROM feed_comment A
        INNER JOIN user B
        ON A.user_id = B.user_id
        WHERE A.feed_id IN (12, 11, 10)
        ) T
        WHERE T.num    <=   4
 {executed in 2 msec}
[2024-12-21 13:08:14 INFO http-nio-8080-exec-8] [jdbc.resultsettable] 
|-------|--------------|--------|
|feedid |feedcommentid |comment |
|-------|--------------|--------|
|-------|--------------|--------|

[2024-12-21 13:08:14 INFO http-nio-8080-exec-8] [com.green.greengram.feed.FeedService] list: [FeedGetRes(feedId=66, contents=내용 아무거나, location=위치 아무곳, createdAt=2024-12-20 12:11:16, writerUserId=2, writerNm=bbong2, writerPic=4b9404e6-d275-4522-bf16-c3f6ac1ff9b1.jpg, isLike=0, pics=[db4b3677-7209-4fd0-90ba-f641fb59c8f3.jpg, 6fb47e1c-6715-4d7b-a3fe-0d12964faf9a.jpg], comment=com.green.greengram.feed.comment.model.FeedCommentGetRes@729a700a), FeedGetRes(feedId=65, contents=1234, location=1234, createdAt=2024-12-20 11:13:56, writerUserId=10, writerNm=1234, writerPic=ab8a8624-4369-49d8-8ec4-500976119c85.jpg, isLike=0, pics=[a1d84d78-1112-4975-bb90-64b2f77a08aa.jpg], comment=com.green.greengram.feed.comment.model.FeedCommentGetRes@795a95bc), FeedGetRes(feedId=64, contents=asdffs, location=asdf, createdAt=2024-12-20 10:16:10, writerUserId=10, writerNm=1234, writerPic=ab8a8624-4369-49d8-8ec4-500976119c85.jpg, isLike=0, pics=[11f57dda-ac7f-40ae-aa27-dd706d351976.jpg], comment=com.green.greengram.feed.comment.model.FeedCommentGetRes@210b612c), FeedGetRes(feedId=63, contents=asdf, location=asdef, createdAt=2024-12-20 10:16:03, writerUserId=10, writerNm=1234, writerPic=ab8a8624-4369-49d8-8ec4-500976119c85.jpg, isLike=0, pics=[1bb4eec5-7b0c-44ec-b2c6-4277d8f6c78b.jpg], comment=com.green.greengram.feed.comment.model.FeedCommentGetRes@5e859ff2), FeedGetRes(feedId=59, contents=, location=, createdAt=2024-12-09 16:43:44, writerUserId=11, writerNm=a, writerPic=369b3a55-016d-4912-b0a6-28fab7f2fe8b.gif, isLike=0, pics=[fef6b715-d59a-4bb1-b0ef-6fd9444bc50a.webp, fb42289f-1d92-40ee-854a-098d54ca6db6.webp, 359255dc-57b4-4445-8ad2-00c4271ab5bd.jpg], comment=com.green.greengram.feed.comment.model.FeedCommentGetRes@7fbeae08), FeedGetRes(feedId=58, contents=, location=, createdAt=2024-12-09 16:43:36, writerUserId=11, writerNm=a, writerPic=369b3a55-016d-4912-b0a6-28fab7f2fe8b.gif, isLike=0, pics=[5132ba97-95cb-4e63-8d3a-70ed1a8c5dac.jpg, 63f3304e-a300-4410-9589-05a07bde8511.jpg], comment=com.green.greengram.feed.comment.model.FeedCommentGetRes@52642336), FeedGetRes(feedId=57, contents=, location=, createdAt=2024-12-09 16:43:28, writerUserId=11, writerNm=a, writerPic=369b3a55-016d-4912-b0a6-28fab7f2fe8b.gif, isLike=0, pics=[97e7471c-e9e9-43c1-9c42-ecb73a0b1452.jpg, 62495137-3d52-4fd2-acd8-e73dc7d792ff.jpg, 5d669458-ab62-443c-853c-2e0252eb56df.jpg, 4957e551-0be3-4e8f-a40f-d5e1a0d315af.jpg], comment=com.green.greengram.feed.comment.model.FeedCommentGetRes@289c2a57), FeedGetRes(feedId=56, contents=, location=, createdAt=2024-12-09 16:43:16, writerUserId=11, writerNm=a, writerPic=369b3a55-016d-4912-b0a6-28fab7f2fe8b.gif, isLike=0, pics=[93fc8cf0-ab70-4731-a6f8-6bd1e622002f.jpg, 774f1966-8731-49ab-a2ea-ec1f309628b5.jpg, 56aa8e67-5ddb-4919-b8e1-af4ed16f9874.jpg, 14dbb25c-706c-4424-9978-bb1c40e75863.jpg], comment=com.green.greengram.feed.comment.model.FeedCommentGetRes@5a944ab9), FeedGetRes(feedId=55, contents=, location=, createdAt=2024-12-09 16:42:57, writerUserId=11, writerNm=a, writerPic=369b3a55-016d-4912-b0a6-28fab7f2fe8b.gif, isLike=0, pics=[096e96b2-270d-41be-a587-bab68606001a.gif], comment=com.green.greengram.feed.comment.model.FeedCommentGetRes@50d0710d), FeedGetRes(feedId=54, contents=, location=, createdAt=2024-12-09 16:42:30, writerUserId=11, writerNm=a, writerPic=369b3a55-016d-4912-b0a6-28fab7f2fe8b.gif, isLike=0, pics=[a0218daa-88ce-4ff5-b369-c91d6220a8eb.gif], comment=com.green.greengram.feed.comment.model.FeedCommentGetRes@23de95b2), FeedGetRes(feedId=52, contents=, location=, createdAt=2024-12-09 16:42:00, writerUserId=11, writerNm=a, writerPic=369b3a55-016d-4912-b0a6-28fab7f2fe8b.gif, isLike=0, pics=[33351e05-41aa-4bb9-80a0-aa2eeae7a6b3.gif, 540bbd73-3a1b-43cf-bb6e-57b0c3258f7a.jpeg, 9fcd5bc8-254f-4f43-bc42-ecab47de1c40.jpeg, bdd158a2-4d54-45de-be64-164257018ec0.jpeg], comment=com.green.greengram.feed.comment.model.FeedCommentGetRes@6a59cd0c), FeedGetRes(feedId=51, contents=, location=, createdAt=2024-12-09 16:41:33, writerUserId=11, writerNm=a, writerPic=369b3a55-016d-4912-b0a6-28fab7f2fe8b.gif, isLike=0, pics=[ea1ed9ff-e438-4db4-be7b-2d31347d932c.gif, 8b2f2cab-59c5-403a-acbf-83277953d616.gif, 58e1b060-de79-4a03-b19c-b37313a75026.gif], comment=com.green.greengram.feed.comment.model.FeedCommentGetRes@12e0837c), FeedGetRes(feedId=50, contents=, location=, createdAt=2024-12-09 16:41:12, writerUserId=11, writerNm=a, writerPic=369b3a55-016d-4912-b0a6-28fab7f2fe8b.gif, isLike=0, pics=[16239176-3f30-431e-81ac-08035afcf1e9.gif, 6764fa75-108c-4e03-8a6f-d91cf6ceed66.gif], comment=com.green.greengram.feed.comment.model.FeedCommentGetRes@416bc034), FeedGetRes(feedId=49, contents=1234, location=green, createdAt=2024-12-09 12:47:16, writerUserId=9, writerNm=Hey, writerPic=c0b99a0b-4f2a-4e5c-95b1-cf5a21dfa3fe.jpg, isLike=0, pics=[5f5649dc-32fc-48d5-843e-005359ae2919.jpg], comment=com.green.greengram.feed.comment.model.FeedCommentGetRes@16cfaeae), FeedGetRes(feedId=48, contents=2, location=1, createdAt=2024-12-06 13:01:02, writerUserId=8, writerNm=해피해피, writerPic=a3a2114a-bae7-4fc0-bed4-993f084d8691.jpg, isLike=0, pics=[be77dafa-022e-46cd-bc92-ac5ee989617e.jpg], comment=com.green.greengram.feed.comment.model.FeedCommentGetRes@325a30d6), FeedGetRes(feedId=47, contents=2, location=green, createdAt=2024-12-06 12:57:16, writerUserId=8, writerNm=해피해피, writerPic=a3a2114a-bae7-4fc0-bed4-993f084d8691.jpg, isLike=0, pics=[8152b5e5-5c8e-48a0-9fde-97f27438b639.jpg], comment=com.green.greengram.feed.comment.model.FeedCommentGetRes@24b7be82), FeedGetRes(feedId=46, contents=1, location=green, createdAt=2024-12-06 12:56:52, writerUserId=8, writerNm=해피해피, writerPic=a3a2114a-bae7-4fc0-bed4-993f084d8691.jpg, isLike=0, pics=[6cb17d63-241a-4c1d-a92e-4080c57c8b30.jpg], comment=com.green.greengram.feed.comment.model.FeedCommentGetRes@3b42a040), FeedGetRes(feedId=41, contents=zxc, location=xzc, createdAt=2024-12-04 11:34:18, writerUserId=8, writerNm=해피해피, writerPic=a3a2114a-bae7-4fc0-bed4-993f084d8691.jpg, isLike=0, pics=[746ca268-4f7e-40c3-b1fe-0c20bfadaa07.jpg], comment=com.green.greengram.feed.comment.model.FeedCommentGetRes@5093c358), FeedGetRes(feedId=40, contents=asd, location=asd, createdAt=2024-12-04 11:33:20, writerUserId=7, writerNm=많이먹는 장재웅, writerPic=8459560d-8987-4c9d-bf51-597d18ff8e58.jpg, isLike=0, pics=[590ba09d-9337-4093-971a-b693a77d589f.jpg], comment=com.green.greengram.feed.comment.model.FeedCommentGetRes@332c951c), FeedGetRes(feedId=39, contents= 하하하, location=green7, createdAt=2024-12-02 16:21:10, writerUserId=4, writerNm=bbong4, writerPic=96f8e19b-7448-42d6-b95d-18a06af6d37a.jpg, isLike=0, pics=[b81bf7fa-4326-4b3e-8b27-3878901178c4.jpg], comment=com.green.greengram.feed.comment.model.FeedCommentGetRes@2a767e55)]
[2024-12-21 13:08:14 INFO http-nio-8080-exec-9] [com.green.greengram.feed.FeedController] FeedController > getFeedList > p: FeedGetReq(super=Paging(page=1, size=20, startIdx=0), signedUserId=10, profileUserId=null)
[2024-12-21 13:08:14 DEBUGhttp-nio-8080-exec-9] [jdbc.sqltiming]  com.zaxxer.hikari.pool.ProxyPreparedStatement.execute(ProxyPreparedStatement.java:44)
1. SELECT A.feed_id AS feedId, A.contents, A.location
        , A.created_at AS createdAt
        , B.user_id AS writerUserId
        , IF(B.nick_name IS NULL, B.uid, B.nick_name) AS writerNm
        , B.pic AS writerPic
        , IF(C.feed_id IS NULL, 0, 1) AS isLike
        FROM feed A
        INNER JOIN user B
        ON A.writer_user_id = B.user_id
        LEFT JOIN feed_like C
        ON A.feed_id = C.feed_id
        AND C.user_id = 10

        ORDER BY A.feed_id DESC
        LIMIT 0, 20
 {executed in 1 msec}
[2024-12-21 13:08:14 INFO http-nio-8080-exec-9] [jdbc.resultsettable] 
|--------|---------|---------|--------------------|--------|---------|-----------------------------------------|-------|
|feed_id |contents |location |created_at          |user_id |writernm |pic                                      |islike |
|--------|---------|---------|--------------------|--------|---------|-----------------------------------------|-------|
|66      |내용 아무거나  |위치 아무곳   |2024-12-20 12:11:16 |2       |bbong2   |4b9404e6-d275-4522-bf16-c3f6ac1ff9b1.jpg |0      |
|65      |1234     |1234     |2024-12-20 11:13:56 |10      |1234     |ab8a8624-4369-49d8-8ec4-500976119c85.jpg |0      |
|64      |asdffs   |asdf     |2024-12-20 10:16:10 |10      |1234     |ab8a8624-4369-49d8-8ec4-500976119c85.jpg |0      |
|63      |asdf     |asdef    |2024-12-20 10:16:03 |10      |1234     |ab8a8624-4369-49d8-8ec4-500976119c85.jpg |0      |
|59      |         |         |2024-12-09 16:43:44 |11      |a        |369b3a55-016d-4912-b0a6-28fab7f2fe8b.gif |0      |
|58      |         |         |2024-12-09 16:43:36 |11      |a        |369b3a55-016d-4912-b0a6-28fab7f2fe8b.gif |0      |
|57      |         |         |2024-12-09 16:43:28 |11      |a        |369b3a55-016d-4912-b0a6-28fab7f2fe8b.gif |0      |
|56      |         |         |2024-12-09 16:43:16 |11      |a        |369b3a55-016d-4912-b0a6-28fab7f2fe8b.gif |0      |
|55      |         |         |2024-12-09 16:42:57 |11      |a        |369b3a55-016d-4912-b0a6-28fab7f2fe8b.gif |0      |
|54      |         |         |2024-12-09 16:42:30 |11      |a        |369b3a55-016d-4912-b0a6-28fab7f2fe8b.gif |0      |
|52      |         |         |2024-12-09 16:42:00 |11      |a        |369b3a55-016d-4912-b0a6-28fab7f2fe8b.gif |0      |
|51      |         |         |2024-12-09 16:41:33 |11      |a        |369b3a55-016d-4912-b0a6-28fab7f2fe8b.gif |0      |
|50      |         |         |2024-12-09 16:41:12 |11      |a        |369b3a55-016d-4912-b0a6-28fab7f2fe8b.gif |0      |
|49      |1234     |green    |2024-12-09 12:47:16 |9       |Hey      |c0b99a0b-4f2a-4e5c-95b1-cf5a21dfa3fe.jpg |0      |
|48      |2        |1        |2024-12-06 13:01:02 |8       |해피해피     |a3a2114a-bae7-4fc0-bed4-993f084d8691.jpg |0      |
|47      |2        |green    |2024-12-06 12:57:16 |8       |해피해피     |a3a2114a-bae7-4fc0-bed4-993f084d8691.jpg |0      |
|46      |1        |green    |2024-12-06 12:56:52 |8       |해피해피     |a3a2114a-bae7-4fc0-bed4-993f084d8691.jpg |0      |
|41      |zxc      |xzc      |2024-12-04 11:34:18 |8       |해피해피     |a3a2114a-bae7-4fc0-bed4-993f084d8691.jpg |0      |
|40      |asd      |asd      |2024-12-04 11:33:20 |7       |많이먹는 장재웅 |8459560d-8987-4c9d-bf51-597d18ff8e58.jpg |0      |
|39      | 하하하     |green7   |2024-12-02 16:21:10 |4       |bbong4   |96f8e19b-7448-42d6-b95d-18a06af6d37a.jpg |0      |
|--------|---------|---------|--------------------|--------|---------|-----------------------------------------|-------|

[2024-12-21 13:08:14 INFO http-nio-8080-exec-9] [com.green.greengram.feed.FeedService] feedIds: [66, 65, 64, 63, 59, 58, 57, 56, 55, 54, 52, 51, 50, 49, 48, 47, 46, 41, 40, 39]
[2024-12-21 13:08:14 DEBUGhttp-nio-8080-exec-9] [jdbc.sqltiming]  com.zaxxer.hikari.pool.ProxyPreparedStatement.execute(ProxyPreparedStatement.java:44)
1. SELECT feed_id AS feedId
             , pic
        FROM feed_pic
        WHERE feed_id in
         (  
            66
         , 
            65
         , 
            64
         , 
            63
         , 
            59
         , 
            58
         , 
            57
         , 
            56
         , 
            55
         , 
            54
         , 
            52
         , 
            51
         , 
            50
         , 
            49
         , 
            48
         , 
            47
         , 
            46
         , 
            41
         , 
            40
         , 
            39
         ) 
        ORDER BY feed_id DESC
 {executed in 0 msec}
[2024-12-21 13:08:14 INFO http-nio-8080-exec-9] [jdbc.resultsettable] 
|--------|------------------------------------------|
|feed_id |pic                                       |
|--------|------------------------------------------|
|66      |db4b3677-7209-4fd0-90ba-f641fb59c8f3.jpg  |
|66      |6fb47e1c-6715-4d7b-a3fe-0d12964faf9a.jpg  |
|65      |a1d84d78-1112-4975-bb90-64b2f77a08aa.jpg  |
|64      |11f57dda-ac7f-40ae-aa27-dd706d351976.jpg  |
|63      |1bb4eec5-7b0c-44ec-b2c6-4277d8f6c78b.jpg  |
|59      |fef6b715-d59a-4bb1-b0ef-6fd9444bc50a.webp |
|59      |fb42289f-1d92-40ee-854a-098d54ca6db6.webp |
|59      |359255dc-57b4-4445-8ad2-00c4271ab5bd.jpg  |
|58      |5132ba97-95cb-4e63-8d3a-70ed1a8c5dac.jpg  |
|58      |63f3304e-a300-4410-9589-05a07bde8511.jpg  |
|57      |97e7471c-e9e9-43c1-9c42-ecb73a0b1452.jpg  |
|57      |62495137-3d52-4fd2-acd8-e73dc7d792ff.jpg  |
|57      |5d669458-ab62-443c-853c-2e0252eb56df.jpg  |
|57      |4957e551-0be3-4e8f-a40f-d5e1a0d315af.jpg  |
|56      |93fc8cf0-ab70-4731-a6f8-6bd1e622002f.jpg  |
|56      |774f1966-8731-49ab-a2ea-ec1f309628b5.jpg  |
|56      |56aa8e67-5ddb-4919-b8e1-af4ed16f9874.jpg  |
|56      |14dbb25c-706c-4424-9978-bb1c40e75863.jpg  |
|55      |096e96b2-270d-41be-a587-bab68606001a.gif  |
|54      |a0218daa-88ce-4ff5-b369-c91d6220a8eb.gif  |
|52      |33351e05-41aa-4bb9-80a0-aa2eeae7a6b3.gif  |
|52      |540bbd73-3a1b-43cf-bb6e-57b0c3258f7a.jpeg |
|52      |9fcd5bc8-254f-4f43-bc42-ecab47de1c40.jpeg |
|52      |bdd158a2-4d54-45de-be64-164257018ec0.jpeg |
|51      |ea1ed9ff-e438-4db4-be7b-2d31347d932c.gif  |
|51      |8b2f2cab-59c5-403a-acbf-83277953d616.gif  |
|51      |58e1b060-de79-4a03-b19c-b37313a75026.gif  |
|50      |16239176-3f30-431e-81ac-08035afcf1e9.gif  |
|50      |6764fa75-108c-4e03-8a6f-d91cf6ceed66.gif  |
|49      |5f5649dc-32fc-48d5-843e-005359ae2919.jpg  |
|48      |be77dafa-022e-46cd-bc92-ac5ee989617e.jpg  |
|47      |8152b5e5-5c8e-48a0-9fde-97f27438b639.jpg  |
|46      |6cb17d63-241a-4c1d-a92e-4080c57c8b30.jpg  |
|41      |746ca268-4f7e-40c3-b1fe-0c20bfadaa07.jpg  |
|40      |590ba09d-9337-4093-971a-b693a77d589f.jpg  |
|39      |b81bf7fa-4326-4b3e-8b27-3878901178c4.jpg  |
|--------|------------------------------------------|

[2024-12-21 13:08:14 INFO http-nio-8080-exec-9] [com.green.greengram.feed.FeedService] feedPicList: [FeedPicSel(feedId=66, pic=db4b3677-7209-4fd0-90ba-f641fb59c8f3.jpg), FeedPicSel(feedId=66, pic=6fb47e1c-6715-4d7b-a3fe-0d12964faf9a.jpg), FeedPicSel(feedId=65, pic=a1d84d78-1112-4975-bb90-64b2f77a08aa.jpg), FeedPicSel(feedId=64, pic=11f57dda-ac7f-40ae-aa27-dd706d351976.jpg), FeedPicSel(feedId=63, pic=1bb4eec5-7b0c-44ec-b2c6-4277d8f6c78b.jpg), FeedPicSel(feedId=59, pic=fef6b715-d59a-4bb1-b0ef-6fd9444bc50a.webp), FeedPicSel(feedId=59, pic=fb42289f-1d92-40ee-854a-098d54ca6db6.webp), FeedPicSel(feedId=59, pic=359255dc-57b4-4445-8ad2-00c4271ab5bd.jpg), FeedPicSel(feedId=58, pic=5132ba97-95cb-4e63-8d3a-70ed1a8c5dac.jpg), FeedPicSel(feedId=58, pic=63f3304e-a300-4410-9589-05a07bde8511.jpg), FeedPicSel(feedId=57, pic=97e7471c-e9e9-43c1-9c42-ecb73a0b1452.jpg), FeedPicSel(feedId=57, pic=62495137-3d52-4fd2-acd8-e73dc7d792ff.jpg), FeedPicSel(feedId=57, pic=5d669458-ab62-443c-853c-2e0252eb56df.jpg), FeedPicSel(feedId=57, pic=4957e551-0be3-4e8f-a40f-d5e1a0d315af.jpg), FeedPicSel(feedId=56, pic=93fc8cf0-ab70-4731-a6f8-6bd1e622002f.jpg), FeedPicSel(feedId=56, pic=774f1966-8731-49ab-a2ea-ec1f309628b5.jpg), FeedPicSel(feedId=56, pic=56aa8e67-5ddb-4919-b8e1-af4ed16f9874.jpg), FeedPicSel(feedId=56, pic=14dbb25c-706c-4424-9978-bb1c40e75863.jpg), FeedPicSel(feedId=55, pic=096e96b2-270d-41be-a587-bab68606001a.gif), FeedPicSel(feedId=54, pic=a0218daa-88ce-4ff5-b369-c91d6220a8eb.gif), FeedPicSel(feedId=52, pic=33351e05-41aa-4bb9-80a0-aa2eeae7a6b3.gif), FeedPicSel(feedId=52, pic=540bbd73-3a1b-43cf-bb6e-57b0c3258f7a.jpeg), FeedPicSel(feedId=52, pic=9fcd5bc8-254f-4f43-bc42-ecab47de1c40.jpeg), FeedPicSel(feedId=52, pic=bdd158a2-4d54-45de-be64-164257018ec0.jpeg), FeedPicSel(feedId=51, pic=ea1ed9ff-e438-4db4-be7b-2d31347d932c.gif), FeedPicSel(feedId=51, pic=8b2f2cab-59c5-403a-acbf-83277953d616.gif), FeedPicSel(feedId=51, pic=58e1b060-de79-4a03-b19c-b37313a75026.gif), FeedPicSel(feedId=50, pic=16239176-3f30-431e-81ac-08035afcf1e9.gif), FeedPicSel(feedId=50, pic=6764fa75-108c-4e03-8a6f-d91cf6ceed66.gif), FeedPicSel(feedId=49, pic=5f5649dc-32fc-48d5-843e-005359ae2919.jpg), FeedPicSel(feedId=48, pic=be77dafa-022e-46cd-bc92-ac5ee989617e.jpg), FeedPicSel(feedId=47, pic=8152b5e5-5c8e-48a0-9fde-97f27438b639.jpg), FeedPicSel(feedId=46, pic=6cb17d63-241a-4c1d-a92e-4080c57c8b30.jpg), FeedPicSel(feedId=41, pic=746ca268-4f7e-40c3-b1fe-0c20bfadaa07.jpg), FeedPicSel(feedId=40, pic=590ba09d-9337-4093-971a-b693a77d589f.jpg), FeedPicSel(feedId=39, pic=b81bf7fa-4326-4b3e-8b27-3878901178c4.jpg)]
[2024-12-21 13:08:14 DEBUGhttp-nio-8080-exec-9] [jdbc.sqltiming]  com.zaxxer.hikari.pool.ProxyPreparedStatement.execute(ProxyPreparedStatement.java:44)
1. SELECT T.feedId, T.feedCommentId, T.comment
        FROM (
        SELECT ROW_NUMBER() OVER (PARTITION BY A.feed_id ORDER BY A.feed_id, A.feed_comment_id DESC) AS num
        , A.feed_id AS feedId
        , A.feed_comment_id AS feedCommentId
        , A.comment
        , B.user_id AS writerUserId
        , IF(B.nick_name IS NULL, B.uid, B.nick_name) AS writerNm
        , B.pic AS writerPic
        FROM feed_comment A
        INNER JOIN user B
        ON A.user_id = B.user_id
        WHERE A.feed_id IN (12, 11, 10)
        ) T
        WHERE T.num    <=   4
 {executed in 0 msec}
[2024-12-21 13:08:14 INFO http-nio-8080-exec-9] [jdbc.resultsettable] 
|-------|--------------|--------|
|feedid |feedcommentid |comment |
|-------|--------------|--------|
|-------|--------------|--------|

[2024-12-21 13:08:14 INFO http-nio-8080-exec-9] [com.green.greengram.feed.FeedService] list: [FeedGetRes(feedId=66, contents=내용 아무거나, location=위치 아무곳, createdAt=2024-12-20 12:11:16, writerUserId=2, writerNm=bbong2, writerPic=4b9404e6-d275-4522-bf16-c3f6ac1ff9b1.jpg, isLike=0, pics=[db4b3677-7209-4fd0-90ba-f641fb59c8f3.jpg, 6fb47e1c-6715-4d7b-a3fe-0d12964faf9a.jpg], comment=com.green.greengram.feed.comment.model.FeedCommentGetRes@78650675), FeedGetRes(feedId=65, contents=1234, location=1234, createdAt=2024-12-20 11:13:56, writerUserId=10, writerNm=1234, writerPic=ab8a8624-4369-49d8-8ec4-500976119c85.jpg, isLike=0, pics=[a1d84d78-1112-4975-bb90-64b2f77a08aa.jpg], comment=com.green.greengram.feed.comment.model.FeedCommentGetRes@778cc42f), FeedGetRes(feedId=64, contents=asdffs, location=asdf, createdAt=2024-12-20 10:16:10, writerUserId=10, writerNm=1234, writerPic=ab8a8624-4369-49d8-8ec4-500976119c85.jpg, isLike=0, pics=[11f57dda-ac7f-40ae-aa27-dd706d351976.jpg], comment=com.green.greengram.feed.comment.model.FeedCommentGetRes@4af084cf), FeedGetRes(feedId=63, contents=asdf, location=asdef, createdAt=2024-12-20 10:16:03, writerUserId=10, writerNm=1234, writerPic=ab8a8624-4369-49d8-8ec4-500976119c85.jpg, isLike=0, pics=[1bb4eec5-7b0c-44ec-b2c6-4277d8f6c78b.jpg], comment=com.green.greengram.feed.comment.model.FeedCommentGetRes@40bf6fb0), FeedGetRes(feedId=59, contents=, location=, createdAt=2024-12-09 16:43:44, writerUserId=11, writerNm=a, writerPic=369b3a55-016d-4912-b0a6-28fab7f2fe8b.gif, isLike=0, pics=[fef6b715-d59a-4bb1-b0ef-6fd9444bc50a.webp, fb42289f-1d92-40ee-854a-098d54ca6db6.webp, 359255dc-57b4-4445-8ad2-00c4271ab5bd.jpg], comment=com.green.greengram.feed.comment.model.FeedCommentGetRes@10b99f7c), FeedGetRes(feedId=58, contents=, location=, createdAt=2024-12-09 16:43:36, writerUserId=11, writerNm=a, writerPic=369b3a55-016d-4912-b0a6-28fab7f2fe8b.gif, isLike=0, pics=[5132ba97-95cb-4e63-8d3a-70ed1a8c5dac.jpg, 63f3304e-a300-4410-9589-05a07bde8511.jpg], comment=com.green.greengram.feed.comment.model.FeedCommentGetRes@1858cf8), FeedGetRes(feedId=57, contents=, location=, createdAt=2024-12-09 16:43:28, writerUserId=11, writerNm=a, writerPic=369b3a55-016d-4912-b0a6-28fab7f2fe8b.gif, isLike=0, pics=[97e7471c-e9e9-43c1-9c42-ecb73a0b1452.jpg, 62495137-3d52-4fd2-acd8-e73dc7d792ff.jpg, 5d669458-ab62-443c-853c-2e0252eb56df.jpg, 4957e551-0be3-4e8f-a40f-d5e1a0d315af.jpg], comment=com.green.greengram.feed.comment.model.FeedCommentGetRes@4f9db6fb), FeedGetRes(feedId=56, contents=, location=, createdAt=2024-12-09 16:43:16, writerUserId=11, writerNm=a, writerPic=369b3a55-016d-4912-b0a6-28fab7f2fe8b.gif, isLike=0, pics=[93fc8cf0-ab70-4731-a6f8-6bd1e622002f.jpg, 774f1966-8731-49ab-a2ea-ec1f309628b5.jpg, 56aa8e67-5ddb-4919-b8e1-af4ed16f9874.jpg, 14dbb25c-706c-4424-9978-bb1c40e75863.jpg], comment=com.green.greengram.feed.comment.model.FeedCommentGetRes@74e49257), FeedGetRes(feedId=55, contents=, location=, createdAt=2024-12-09 16:42:57, writerUserId=11, writerNm=a, writerPic=369b3a55-016d-4912-b0a6-28fab7f2fe8b.gif, isLike=0, pics=[096e96b2-270d-41be-a587-bab68606001a.gif], comment=com.green.greengram.feed.comment.model.FeedCommentGetRes@287ab1c8), FeedGetRes(feedId=54, contents=, location=, createdAt=2024-12-09 16:42:30, writerUserId=11, writerNm=a, writerPic=369b3a55-016d-4912-b0a6-28fab7f2fe8b.gif, isLike=0, pics=[a0218daa-88ce-4ff5-b369-c91d6220a8eb.gif], comment=com.green.greengram.feed.comment.model.FeedCommentGetRes@5351a73), FeedGetRes(feedId=52, contents=, location=, createdAt=2024-12-09 16:42:00, writerUserId=11, writerNm=a, writerPic=369b3a55-016d-4912-b0a6-28fab7f2fe8b.gif, isLike=0, pics=[33351e05-41aa-4bb9-80a0-aa2eeae7a6b3.gif, 540bbd73-3a1b-43cf-bb6e-57b0c3258f7a.jpeg, 9fcd5bc8-254f-4f43-bc42-ecab47de1c40.jpeg, bdd158a2-4d54-45de-be64-164257018ec0.jpeg], comment=com.green.greengram.feed.comment.model.FeedCommentGetRes@27bd4e40), FeedGetRes(feedId=51, contents=, location=, createdAt=2024-12-09 16:41:33, writerUserId=11, writerNm=a, writerPic=369b3a55-016d-4912-b0a6-28fab7f2fe8b.gif, isLike=0, pics=[ea1ed9ff-e438-4db4-be7b-2d31347d932c.gif, 8b2f2cab-59c5-403a-acbf-83277953d616.gif, 58e1b060-de79-4a03-b19c-b37313a75026.gif], comment=com.green.greengram.feed.comment.model.FeedCommentGetRes@771b16ca), FeedGetRes(feedId=50, contents=, location=, createdAt=2024-12-09 16:41:12, writerUserId=11, writerNm=a, writerPic=369b3a55-016d-4912-b0a6-28fab7f2fe8b.gif, isLike=0, pics=[16239176-3f30-431e-81ac-08035afcf1e9.gif, 6764fa75-108c-4e03-8a6f-d91cf6ceed66.gif], comment=com.green.greengram.feed.comment.model.FeedCommentGetRes@a120d10), FeedGetRes(feedId=49, contents=1234, location=green, createdAt=2024-12-09 12:47:16, writerUserId=9, writerNm=Hey, writerPic=c0b99a0b-4f2a-4e5c-95b1-cf5a21dfa3fe.jpg, isLike=0, pics=[5f5649dc-32fc-48d5-843e-005359ae2919.jpg], comment=com.green.greengram.feed.comment.model.FeedCommentGetRes@27d968a3), FeedGetRes(feedId=48, contents=2, location=1, createdAt=2024-12-06 13:01:02, writerUserId=8, writerNm=해피해피, writerPic=a3a2114a-bae7-4fc0-bed4-993f084d8691.jpg, isLike=0, pics=[be77dafa-022e-46cd-bc92-ac5ee989617e.jpg], comment=com.green.greengram.feed.comment.model.FeedCommentGetRes@6adbed56), FeedGetRes(feedId=47, contents=2, location=green, createdAt=2024-12-06 12:57:16, writerUserId=8, writerNm=해피해피, writerPic=a3a2114a-bae7-4fc0-bed4-993f084d8691.jpg, isLike=0, pics=[8152b5e5-5c8e-48a0-9fde-97f27438b639.jpg], comment=com.green.greengram.feed.comment.model.FeedCommentGetRes@45591b81), FeedGetRes(feedId=46, contents=1, location=green, createdAt=2024-12-06 12:56:52, writerUserId=8, writerNm=해피해피, writerPic=a3a2114a-bae7-4fc0-bed4-993f084d8691.jpg, isLike=0, pics=[6cb17d63-241a-4c1d-a92e-4080c57c8b30.jpg], comment=com.green.greengram.feed.comment.model.FeedCommentGetRes@5fb9f4b7), FeedGetRes(feedId=41, contents=zxc, location=xzc, createdAt=2024-12-04 11:34:18, writerUserId=8, writerNm=해피해피, writerPic=a3a2114a-bae7-4fc0-bed4-993f084d8691.jpg, isLike=0, pics=[746ca268-4f7e-40c3-b1fe-0c20bfadaa07.jpg], comment=com.green.greengram.feed.comment.model.FeedCommentGetRes@33c91393), FeedGetRes(feedId=40, contents=asd, location=asd, createdAt=2024-12-04 11:33:20, writerUserId=7, writerNm=많이먹는 장재웅, writerPic=8459560d-8987-4c9d-bf51-597d18ff8e58.jpg, isLike=0, pics=[590ba09d-9337-4093-971a-b693a77d589f.jpg], comment=com.green.greengram.feed.comment.model.FeedCommentGetRes@64de9e1), FeedGetRes(feedId=39, contents= 하하하, location=green7, createdAt=2024-12-02 16:21:10, writerUserId=4, writerNm=bbong4, writerPic=96f8e19b-7448-42d6-b95d-18a06af6d37a.jpg, isLike=0, pics=[b81bf7fa-4326-4b3e-8b27-3878901178c4.jpg], comment=com.green.greengram.feed.comment.model.FeedCommentGetRes@bc56fba)]
[2024-12-21 13:08:18 INFO http-nio-8080-exec-3] [com.green.greengram.feed.comment.FeedCommentController] FeedCommentController > postFeedComment > p: FeedCommentPostReq(feedCommentId=0, feedId=66, userId=10, comment=ㄴㅇㄹㅇㄴ)
[2024-12-21 13:08:18 DEBUGhttp-nio-8080-exec-3] [jdbc.sqltiming]  com.zaxxer.hikari.pool.ProxyPreparedStatement.execute(ProxyPreparedStatement.java:44)
1. INSERT INTO feed_comment
        SET `feed_id` = 66
        , `user_id` = 10
        , `comment` = 'ㄴㅇㄹㅇㄴ'
 {executed in 2 msec}
[2024-12-21 13:08:18 DEBUGhttp-nio-8080-exec-3] [jdbc.sqltiming]  com.zaxxer.hikari.pool.ProxyStatement.getGeneratedKeys(ProxyStatement.java:229)
1. getGeneratedKeys on query: INSERT INTO feed_comment
        SET `feed_id` = 66
        , `user_id` = 10
        , `comment` = 'ㄴㅇㄹㅇㄴ'
 {executed in 0 msec}
[2024-12-21 13:08:18 INFO http-nio-8080-exec-3] [jdbc.resultsettable] 
|----------|
|insert_id |
|----------|
|65        |
|----------|

[2024-12-21 13:08:21 INFO http-nio-8080-exec-10] [com.green.greengram.feed.comment.FeedCommentController] FeedCommentController > postFeedComment > p: FeedCommentPostReq(feedCommentId=0, feedId=66, userId=10, comment=ㅇㄴㄹㄴㅇㄹ)
[2024-12-21 13:08:21 DEBUGhttp-nio-8080-exec-10] [jdbc.sqltiming]  com.zaxxer.hikari.pool.ProxyPreparedStatement.execute(ProxyPreparedStatement.java:44)
1. INSERT INTO feed_comment
        SET `feed_id` = 66
        , `user_id` = 10
        , `comment` = 'ㅇㄴㄹㄴㅇㄹ'
 {executed in 2 msec}
[2024-12-21 13:08:21 DEBUGhttp-nio-8080-exec-10] [jdbc.sqltiming]  com.zaxxer.hikari.pool.ProxyStatement.getGeneratedKeys(ProxyStatement.java:229)
1. getGeneratedKeys on query: INSERT INTO feed_comment
        SET `feed_id` = 66
        , `user_id` = 10
        , `comment` = 'ㅇㄴㄹㄴㅇㄹ'
 {executed in 0 msec}
[2024-12-21 13:08:21 INFO http-nio-8080-exec-10] [jdbc.resultsettable] 
|----------|
|insert_id |
|----------|
|66        |
|----------|

[2024-12-21 13:08:25 INFO http-nio-8080-exec-4] [com.green.greengram.feed.comment.FeedCommentController] FeedCommentController > postFeedComment > p: FeedCommentPostReq(feedCommentId=0, feedId=65, userId=10, comment=ㄴㅇㄹㄴㅇㄹ)
[2024-12-21 13:08:25 DEBUGhttp-nio-8080-exec-4] [jdbc.sqltiming]  com.zaxxer.hikari.pool.ProxyPreparedStatement.execute(ProxyPreparedStatement.java:44)
1. INSERT INTO feed_comment
        SET `feed_id` = 65
        , `user_id` = 10
        , `comment` = 'ㄴㅇㄹㄴㅇㄹ'
 {executed in 6 msec}
[2024-12-21 13:08:25 DEBUGhttp-nio-8080-exec-4] [jdbc.sqltiming]  com.zaxxer.hikari.pool.ProxyStatement.getGeneratedKeys(ProxyStatement.java:229)
1. getGeneratedKeys on query: INSERT INTO feed_comment
        SET `feed_id` = 65
        , `user_id` = 10
        , `comment` = 'ㄴㅇㄹㄴㅇㄹ'
 {executed in 0 msec}
[2024-12-21 13:08:25 INFO http-nio-8080-exec-4] [jdbc.resultsettable] 
|----------|
|insert_id |
|----------|
|67        |
|----------|

[2024-12-21 13:08:29 INFO SpringApplicationShutdownHook] [com.zaxxer.hikari.HikariDataSource] HikariPool-1 - Shutdown initiated...
[2024-12-21 13:08:29 INFO SpringApplicationShutdownHook] [com.zaxxer.hikari.HikariDataSource] HikariPool-1 - Shutdown completed.
[2024-12-21 13:24:30 INFO restartedMain] [com.green.greengram.GreenGramVer3Application] Starting GreenGramVer3Application using Java 17.0.12 with PID 10176 (D:\khj\GreenGramVer3\build\classes\java\main started by Administrator in D:\khj\GreenGramVer3)
[2024-12-21 13:24:30 INFO restartedMain] [com.green.greengram.GreenGramVer3Application] No active profile set, falling back to 1 default profile: "default"
[2024-12-21 13:24:30 INFO restartedMain] [org.springframework.boot.devtools.env.DevToolsPropertyDefaultsPostProcessor] Devtools property defaults active! Set 'spring.devtools.add-properties' to 'false' to disable
[2024-12-21 13:24:30 INFO restartedMain] [org.springframework.boot.devtools.env.DevToolsPropertyDefaultsPostProcessor] For additional web related logging consider setting the 'logging.level.web' property to 'DEBUG'
[2024-12-21 13:24:31 INFO restartedMain] [org.springframework.boot.web.embedded.tomcat.TomcatWebServer] Tomcat initialized with port 8080 (http)
[2024-12-21 13:24:31 INFO restartedMain] [org.apache.coyote.http11.Http11NioProtocol] Initializing ProtocolHandler ["http-nio-8080"]
[2024-12-21 13:24:31 INFO restartedMain] [org.apache.catalina.core.StandardService] Starting service [Tomcat]
[2024-12-21 13:24:31 INFO restartedMain] [org.apache.catalina.core.StandardEngine] Starting Servlet engine: [Apache Tomcat/10.1.33]
[2024-12-21 13:24:31 INFO restartedMain] [org.apache.catalina.core.ContainerBase.[Tomcat].[localhost].[/]] Initializing Spring embedded WebApplicationContext
[2024-12-21 13:24:31 INFO restartedMain] [org.springframework.boot.web.servlet.context.ServletWebServerApplicationContext] Root WebApplicationContext: initialization completed in 758 ms
[2024-12-21 13:24:31 INFO restartedMain] [com.green.greengram.common.MyFileUtils] MyFileUtils - 생성자: D:\khj\2024-02\download\greengram_ver3
[2024-12-21 13:24:31 INFO restartedMain] [org.springframework.boot.autoconfigure.web.servlet.WelcomePageHandlerMapping] Adding welcome page: class path resource [static/index.html]
[2024-12-21 13:24:31 INFO restartedMain] [org.springframework.boot.devtools.autoconfigure.OptionalLiveReloadServer] LiveReload server is running on port 35729
[2024-12-21 13:24:31 INFO restartedMain] [org.apache.coyote.http11.Http11NioProtocol] Starting ProtocolHandler ["http-nio-8080"]
[2024-12-21 13:24:31 INFO restartedMain] [org.springframework.boot.web.embedded.tomcat.TomcatWebServer] Tomcat started on port 8080 (http) with context path '/'
[2024-12-21 13:24:31 INFO restartedMain] [com.green.greengram.GreenGramVer3Application] Started GreenGramVer3Application in 1.624 seconds (process running for 1.977)
