[2024-12-13 09:44:19 INFO restartedMain] [com.green.greengram.GreenGramVer3Application] Starting GreenGramVer3Application using Java 17.0.12 with PID 1936 (D:\khj\GreenGramVer3\build\classes\java\main started by Administrator in D:\khj\GreenGramVer3)
[2024-12-13 09:44:19 INFO restartedMain] [com.green.greengram.GreenGramVer3Application] No active profile set, falling back to 1 default profile: "default"
[2024-12-13 09:44:19 INFO restartedMain] [org.springframework.boot.devtools.env.DevToolsPropertyDefaultsPostProcessor] Devtools property defaults active! Set 'spring.devtools.add-properties' to 'false' to disable
[2024-12-13 09:44:19 INFO restartedMain] [org.springframework.boot.devtools.env.DevToolsPropertyDefaultsPostProcessor] For additional web related logging consider setting the 'logging.level.web' property to 'DEBUG'
[2024-12-13 09:44:20 INFO restartedMain] [org.springframework.boot.web.embedded.tomcat.TomcatWebServer] Tomcat initialized with port 8080 (http)
[2024-12-13 09:44:20 INFO restartedMain] [org.apache.coyote.http11.Http11NioProtocol] Initializing ProtocolHandler ["http-nio-8080"]
[2024-12-13 09:44:20 INFO restartedMain] [org.apache.catalina.core.StandardService] Starting service [Tomcat]
[2024-12-13 09:44:20 INFO restartedMain] [org.apache.catalina.core.StandardEngine] Starting Servlet engine: [Apache Tomcat/10.1.33]
[2024-12-13 09:44:20 INFO restartedMain] [org.apache.catalina.core.ContainerBase.[Tomcat].[localhost].[/]] Initializing Spring embedded WebApplicationContext
[2024-12-13 09:44:20 INFO restartedMain] [org.springframework.boot.web.servlet.context.ServletWebServerApplicationContext] Root WebApplicationContext: initialization completed in 960 ms
[2024-12-13 09:44:20 INFO restartedMain] [com.green.greengram.common.MyFileUtils] MyFileUtils - 생성자: D:\khj\2024-02\download\greengram_ver3
[2024-12-13 09:44:21 INFO restartedMain] [org.springframework.boot.autoconfigure.web.servlet.WelcomePageHandlerMapping] Adding welcome page: class path resource [static/index.html]
[2024-12-13 09:44:21 INFO restartedMain] [org.springframework.boot.devtools.autoconfigure.OptionalLiveReloadServer] LiveReload server is running on port 35729
[2024-12-13 09:44:21 INFO restartedMain] [org.apache.coyote.http11.Http11NioProtocol] Starting ProtocolHandler ["http-nio-8080"]
[2024-12-13 09:44:21 INFO restartedMain] [org.springframework.boot.web.embedded.tomcat.TomcatWebServer] Tomcat started on port 8080 (http) with context path '/'
[2024-12-13 09:44:21 INFO restartedMain] [com.green.greengram.GreenGramVer3Application] Started GreenGramVer3Application in 2.105 seconds (process running for 2.625)
[2024-12-13 09:44:25 INFO http-nio-8080-exec-1] [org.apache.catalina.core.ContainerBase.[Tomcat].[localhost].[/]] Initializing Spring DispatcherServlet 'dispatcherServlet'
[2024-12-13 09:44:25 INFO http-nio-8080-exec-1] [org.springframework.web.servlet.DispatcherServlet] Initializing Servlet 'dispatcherServlet'
[2024-12-13 09:44:25 INFO http-nio-8080-exec-1] [org.springframework.web.servlet.DispatcherServlet] Completed initialization in 1 ms
[2024-12-13 09:44:26 INFO http-nio-8080-exec-9] [org.springdoc.api.AbstractOpenApiResource] Init duration for springdoc-openapi is: 262 ms
[2024-12-13 11:06:35 INFO File Watcher] [org.springframework.boot.devtools.autoconfigure.LocalDevToolsAutoConfiguration$RestartingClassPathChangeChangedEventListener] Restarting due to 27 class path changes (0 additions, 0 deletions, 27 modifications)
[2024-12-13 11:06:35 INFO Thread-5] [org.apache.coyote.http11.Http11NioProtocol] Stopping ProtocolHandler ["http-nio-8080"]
[2024-12-13 11:06:35 INFO restartedMain] [com.green.greengram.GreenGramVer3Application] Starting GreenGramVer3Application using Java 17.0.12 with PID 1936 (D:\khj\GreenGramVer3\build\classes\java\main started by Administrator in D:\khj\GreenGramVer3)
[2024-12-13 11:06:35 INFO restartedMain] [com.green.greengram.GreenGramVer3Application] No active profile set, falling back to 1 default profile: "default"
[2024-12-13 11:06:35 INFO restartedMain] [org.springframework.boot.web.embedded.tomcat.TomcatWebServer] Tomcat initialized with port 8080 (http)
[2024-12-13 11:06:35 INFO restartedMain] [org.apache.coyote.http11.Http11NioProtocol] Initializing ProtocolHandler ["http-nio-8080"]
[2024-12-13 11:06:35 INFO restartedMain] [org.apache.catalina.core.StandardService] Starting service [Tomcat]
[2024-12-13 11:06:35 INFO restartedMain] [org.apache.catalina.core.StandardEngine] Starting Servlet engine: [Apache Tomcat/10.1.33]
[2024-12-13 11:06:35 INFO restartedMain] [org.apache.catalina.core.ContainerBase.[Tomcat].[localhost].[/]] Initializing Spring embedded WebApplicationContext
[2024-12-13 11:06:35 INFO restartedMain] [org.springframework.boot.web.servlet.context.ServletWebServerApplicationContext] Root WebApplicationContext: initialization completed in 208 ms
[2024-12-13 11:06:35 INFO restartedMain] [com.green.greengram.common.MyFileUtils] MyFileUtils - 생성자: D:\khj\2024-02\download\greengram_ver3
[2024-12-13 11:06:35 INFO restartedMain] [org.springframework.boot.autoconfigure.web.servlet.WelcomePageHandlerMapping] Adding welcome page: class path resource [static/index.html]
[2024-12-13 11:06:35 INFO restartedMain] [org.springframework.boot.devtools.autoconfigure.OptionalLiveReloadServer] LiveReload server is running on port 35729
[2024-12-13 11:06:35 INFO restartedMain] [org.apache.coyote.http11.Http11NioProtocol] Starting ProtocolHandler ["http-nio-8080"]
[2024-12-13 11:06:35 INFO restartedMain] [org.springframework.boot.web.embedded.tomcat.TomcatWebServer] Tomcat started on port 8080 (http) with context path '/'
[2024-12-13 11:06:35 INFO restartedMain] [com.green.greengram.GreenGramVer3Application] Started GreenGramVer3Application in 0.383 seconds (process running for 4936.512)
[2024-12-13 11:06:35 INFO restartedMain] [org.springframework.boot.devtools.autoconfigure.ConditionEvaluationDeltaLoggingListener] Condition evaluation unchanged
